#
# A fatal error has been detected by the Java Runtime Environment:
#
#  EXCEPTION_ACCESS_VIOLATION (0xc0000005) at pc=0x00007ffda43dac09, pid=4776, tid=9620
#
# JRE version: OpenJDK Runtime Environment (23.0.1+11) (build 23.0.1+11-39)
# Java VM: OpenJDK 64-Bit Server VM (23.0.1+11-39, mixed mode, sharing, tiered, compressed oops, compressed class ptrs, g1 gc, windows-amd64)
# Problematic frame:
# V  [jvm.dll+0x24ac09]
#
# No core dump will be written. Minidumps are not enabled by default on client versions of Windows
#
# If you would like to submit a bug report, please visit:
#   https://bugreport.java.com/bugreport/crash.jsp
#

---------------  S U M M A R Y ------------

Command Line: -javaagent:C:\Program Files\JetBrains\IntelliJ IDEA Community Edition 2024.3.5\lib\idea_rt.jar=49893 -Dfile.encoding=UTF-8 -Dsun.stdout.encoding=UTF-8 -Dsun.stderr.encoding=UTF-8 --module-path=C:\Users\jorge\.m2\repository\org\openjfx\javafx-media\17.0.2\javafx-media-17.0.2-win.jar;C:\Users\jorge\.m2\repository\io\opentelemetry\opentelemetry-sdk\1.48.0\opentelemetry-sdk-1.48.0.jar;C:\Users\jorge\.m2\repository\org\seleniumhq\selenium\selenium-devtools-v134\4.31.0\selenium-devtools-v134-4.31.0.jar;C:\Users\jorge\.m2\repository\org\openjfx\javafx-fxml\23.0.1\javafx-fxml-23.0.1-win.jar;C:\Users\jorge\.m2\repository\org\seleniumhq\selenium\selenium-chromium-driver\4.31.0\selenium-chromium-driver-4.31.0.jar;C:\Users\jorge\.m2\repository\org\seleniumhq\selenium\selenium-devtools-v133\4.31.0\selenium-devtools-v133-4.31.0.jar;C:\Users\jorge\.m2\repository\io\opentelemetry\opentelemetry-sdk-extension-autoconfigure-spi\1.48.0\opentelemetry-sdk-extension-autoconfigure-spi-1.48.0.jar;C:\Users\jorge\.m2\repository\org\apache\pdfbox\pdfbox-io\3.0.4\pdfbox-io-3.0.4.jar;C:\Users\jorge\.m2\repository\org\seleniumhq\selenium\selenium-ie-driver\4.31.0\selenium-ie-driver-4.31.0.jar;C:\Users\jorge\.m2\repository\org\seleniumhq\selenium\selenium-safari-driver\4.31.0\selenium-safari-driver-4.31.0.jar;C:\Users\jorge\.m2\repository\org\apache\pdfbox\pdfbox\3.0.4\pdfbox-3.0.4.jar;C:\Users\jorge\.m2\repository\io\opentelemetry\opentelemetry-sdk-common\1.48.0\opentelemetry-sdk-common-1.48.0.jar;C:\Users\jorge\.m2\repository\com\google\guava\failureaccess\1.0.3\failureaccess-1.0.3.jar;C:\Users\jorge\.m2\repository\com\itextpdf\itextpdf\5.5.13.2\itextpdf-5.5.13.2.jar;C:\Users\jorge\.m2\repository\net\java\dev\jna\jna\5.13.0\jna-5.13.0.jar;C:\Users\jorge\.m2\repository\org\openjfx\javafx-controls\23.0.1\javafx-controls-23.0.1-win.jar;C:\Users\jorge\.m2\repository\org\seleniumhq\selenium\selenium-firefox-driver\4.31.0\selenium-firefox-driver-4.31.0.jar;C:\Users\jorge\.m2\repository\org\seleniumhq\selenium\selenium-remote-driver\4.31.0\selenium-remote-driver-4.31.0.jar;C:\Users\jorge\.m2\repository\org\seleniumhq\selenium\selenium-support\4.31.0\selenium-support-4.31.0.jar-Djdk.module.main=com.jorgerosas.recetas com.jorgerosas.recetas/com.jorgerosas.recetas.EntryPoint

Host: AMD Ryzen 5 5500U with Radeon Graphics         , 12 cores, 5G,  Windows 10 , 64 bit Build 19041 (10.0.19041.5438)
Time: Sat May  3 10:44:55 2025 Central Standard Time (Mexico) elapsed time: 39.970269 seconds (0d 0h 0m 39s)

---------------  T H R E A D  ---------------

Current thread (0x0000013ebdd7ec10):  JavaThread "C2 CompilerThread0" daemon [_thread_in_native, id=9620, stack(0x0000003038800000,0x0000003038900000) (1024K)]


Current CompileTask:
C2:39970 6621 %     4       com.sun.marlin.Renderer::_endRendering @ 787 (2639 bytes)

Stack: [0x0000003038800000,0x0000003038900000],  sp=0x00000030388fc290,  free space=1008k
Native frames: (J=compiled Java code, j=interpreted, Vv=VM code, C=native code)
V  [jvm.dll+0x24ac09]  (no source info available)
V  [jvm.dll+0x249449]  (no source info available)
V  [jvm.dll+0x246e98]  (no source info available)
V  [jvm.dll+0x243d04]  (no source info available)
V  [jvm.dll+0x1c33a0]  (no source info available)
V  [jvm.dll+0x253cf1]  (no source info available)
V  [jvm.dll+0x251faa]  (no source info available)
V  [jvm.dll+0x3ee036]  (no source info available)
V  [jvm.dll+0x824f8b]  (no source info available)
V  [jvm.dll+0x6df065]  (no source info available)
C  [ucrtbase.dll+0x21bb2]  (no source info available)
C  [KERNEL32.DLL+0x17374]  (no source info available)
C  [ntdll.dll+0x4cc91]  (no source info available)


siginfo: EXCEPTION_ACCESS_VIOLATION (0xc0000005), writing address 0x000000008fa07f48


Registers:
RAX=0x00000000388fc41a, RBX=0x0000013eff3c7ee0, RCX=0x0000000000000002, RDX=0x000000008fa07f48
RSP=0x00000030388fc290, RBP=0x00000030388fc301, RSI=0x00007ffda4190000, RDI=0x0000013e8c5a2370
R8 =0x00000030388fc418, R9 =0x0000000000000114, R10=0x000000000000004f, R11=0x0000000000000004
R12=0x0000000000000003, R13=0x0000000000000fab, R14=0x0000000000000003, R15=0x00000030388fc3e0
RIP=0x00007ffda43dac09, EFLAGS=0x0000000000010246


Register to memory mapping:

RAX=0x00000000388fc41a is an unknown value
RBX=0x0000013eff3c7ee0 points into unknown readable memory: 0x00007ffda4b4b618 | 18 b6 b4 a4 fd 7f 00 00
RCX=0x0000000000000002 is an unknown value
RDX=0x000000008fa07f48 is an unknown value
RSP=0x00000030388fc290 is pointing into the stack for thread: 0x0000013ebdd7ec10
RBP=0x00000030388fc301 is pointing into the stack for thread: 0x0000013ebdd7ec10
RSI=0x00007ffda4190000 jvm.dll
RDI=0x0000013e8c5a2370 points into unknown readable memory: 0x00007ffda4b4b618 | 18 b6 b4 a4 fd 7f 00 00
R8 =0x00000030388fc418 is pointing into the stack for thread: 0x0000013ebdd7ec10
R9 =0x0000000000000114 is an unknown value
R10=0x000000000000004f is an unknown value
R11=0x0000000000000004 is an unknown value
R12=0x0000000000000003 is an unknown value
R13=0x0000000000000fab is an unknown value
R14=0x0000000000000003 is an unknown value
R15=0x00000030388fc3e0 is pointing into the stack for thread: 0x0000013ebdd7ec10

Top of Stack: (sp=0x00000030388fc290)
0x00000030388fc290:   00000030388fe6a0 0000013eff3c7cf0
0x00000030388fc2a0:   0000013e8d1763d0 00007ffda49d017d
0x00000030388fc2b0:   00000030388fc390 0000000000000000
0x00000030388fc2c0:   0000013ebdd5dc40 0000013e00000080
0x00000030388fc2d0:   0000013eff07aa78 000000000000005b
0x00000030388fc2e0:   0000013e00000080 0000013eff079db8
0x00000030388fc2f0:   0000000000000080 0000013ebdd5dc40
0x00000030388fc300:   0000000000000000 00000030388fc6d0
0x00000030388fc310:   0000013eff7a19f8 0000013ebdd70ed0
0x00000030388fc320:   0000000000000003 00000030388fe6a0
0x00000030388fc330:   0000000000000070 0000000000000020
0x00000030388fc340:   0000000000000000 00000000000057c0
0x00000030388fc350:   00000030388fc460 00007ffda43d9449
0x00000030388fc360:   00000030388fe6a0 00000030388fc418
0x00000030388fc370:   0000013ebdd70f40 00000030388fc400
0x00000030388fc380:   00000030388fc390 00007ffda4896c76
0x00000030388fc390:   0000013ebdd5dc40 00007ffd00000004
0x00000030388fc3a0:   0000013eff0797e8 00007ffd00000000
0x00000030388fc3b0:   0000000300000002 0000013eff079808
0x00000030388fc3c0:   0000013e00000002 0000013ebdd5dc40
0x00000030388fc3d0:   0000003000000000 00007ffda48693af
0x00000030388fc3e0:   0000013eff074058 0000013eff0797e8
0x00000030388fc3f0:   0000013eff074028 0000013ebdd5dc40
0x00000030388fc400:   0000000000000003 0000004c00000000
0x00000030388fc410:   0000000300000015 0000000000000100
0x00000030388fc420:   0000013eff0798b8 0000000000000100
0x00000030388fc430:   0000013ebdd5dc40 0000013ebdd5dc40
0x00000030388fc440:   0000000000000100 0000013eff07a278
0x00000030388fc450:   0000013e000000f7 0000000000030310
0x00000030388fc460:   0000000000000000 0000000000000000
0x00000030388fc470:   0000000000000000 0000000000000000
0x00000030388fc480:   0000000000000000 0000013eff685100 

Instructions: (pc=0x00007ffda43dac09)
0x00007ffda43dab09:   c7 45 c7 04 00 00 00 4c 8b 49 18 48 8b 41 20 49
0x00007ffda43dab19:   2b c1 48 83 f8 20 72 0a 49 8d 41 20 48 89 41 18
0x00007ffda43dab29:   eb 0f 45 33 c0 41 8d 50 20 e8 99 16 e7 ff 4c 8b
0x00007ffda43dab39:   c8 44 8b 45 c7 33 d2 49 c1 e0 03 49 8b c9 4c 89
0x00007ffda43dab49:   4d cf e8 c2 35 6d 00 45 33 f6 48 8d 4d df 44 89
0x00007ffda43dab59:   75 d7 e8 60 be 61 00 8b 73 28 4d 8d 45 18 8b fe
0x00007ffda43dab69:   44 89 75 ff c1 ef 05 4c 89 45 67 41 3b 38 72 0e
0x00007ffda43dab79:   8b d7 49 8b c8 e8 9d be 61 00 4c 8b 45 67 49 8b
0x00007ffda43dab89:   40 08 83 e6 1f 48 8d 14 b8 8b 04 b8 0f ab f0 89
0x00007ffda43dab99:   02 44 8b 63 18 48 8d 35 5b 54 db ff 45 3b f4 0f
0x00007ffda43daba9:   83 40 01 00 00 48 8b 43 08 41 8b ce 41 ff c6 48
0x00007ffda43dabb9:   8b 3c c8 48 85 ff 74 e4 44 8b 6f 28 41 8b f5 c1
0x00007ffda43dabc9:   ee 05 41 3b 30 72 0a 8b d6 49 8b c8 e8 46 be 61
0x00007ffda43dabd9:   00 41 83 e5 1f 41 b8 01 00 00 00 41 0f b6 cd 4c
0x00007ffda43dabe9:   8b 6d 77 41 d3 e0 49 8b 45 20 8b 0c b0 48 8d 14
0x00007ffda43dabf9:   b0 8b c1 48 8d 35 fd 53 db ff 41 0b c0 41 85 c8
0x00007ffda43dac09:   89 02 4c 8b 45 67 75 94 8b 47 2c 83 e0 03 3c 03
0x00007ffda43dac19:   0f 85 9d 00 00 00 48 8b 07 48 8b cf ff 90 90 00
0x00007ffda43dac29:   00 00 48 85 c0 0f 84 88 00 00 00 48 8b 07 48 8b
0x00007ffda43dac39:   cf ff 90 90 00 00 00 48 8b c8 e8 e8 f8 f7 ff 48
0x00007ffda43dac49:   8b 4d 5f 39 81 e8 08 00 00 7d 06 89 81 e8 08 00
0x00007ffda43dac59:   00 44 8b 67 28 41 8b f4 c1 ee 05 3b 75 df 72 0b
0x00007ffda43dac69:   8b d6 48 8d 4d df e8 ac bd 61 00 48 8b 45 e7 41
0x00007ffda43dac79:   83 e4 1f 48 8d 14 b0 41 0f b6 cc 41 b8 01 00 00
0x00007ffda43dac89:   00 41 d3 e0 8b 0a 8b c1 41 0b c0 89 02 41 85 c8
0x00007ffda43dac99:   75 21 8b 75 d7 8d 46 01 89 45 d7 3b 75 c7 72 0b
0x00007ffda43daca9:   8b d6 48 8d 4d bf e8 2c 1c 47 00 48 8b 45 cf 48
0x00007ffda43dacb9:   89 3c f0 44 8b 67 18 49 83 07 10 49 8b 07 49 3b
0x00007ffda43dacc9:   47 08 72 08 49 8b cf e8 9b 1c 47 00 49 8b 07 4c
0x00007ffda43dacd9:   8b 45 67 48 89 18 48 8b df 44 89 70 08 45 33 f6
0x00007ffda43dace9:   e9 b0 fe ff ff 83 7b 20 00 0f 84 15 01 00 00 48
0x00007ffda43dacf9:   8b 03 48 8b cb ff 10 83 7b 18 03 8b f8 0f 85 92 


Stack slot to memory mapping:

stack at sp + 0 slots: 0x00000030388fe6a0 is pointing into the stack for thread: 0x0000013ebdd7ec10
stack at sp + 1 slots: 0x0000013eff3c7cf0 points into unknown readable memory: 0x00007ffda4b4b618 | 18 b6 b4 a4 fd 7f 00 00
stack at sp + 2 slots: 0x0000013e8d1763d0 points into unknown readable memory: 0x00007ffda4b60690 | 90 06 b6 a4 fd 7f 00 00
stack at sp + 3 slots: 0x00007ffda49d017d jvm.dll
stack at sp + 4 slots: 0x00000030388fc390 is pointing into the stack for thread: 0x0000013ebdd7ec10
stack at sp + 5 slots: 0x0 is null
stack at sp + 6 slots: 0x0000013ebdd5dc40 points into unknown readable memory: 0x0000000100000007 | 07 00 00 00 01 00 00 00
stack at sp + 7 slots: 0x0000013e00000080 is an unknown value

Lock stack of current Java thread (top to bottom):


---------------  P R O C E S S  ---------------

Threads class SMR info:
_java_thread_list=0x0000013e840a0020, length=20, elements={
0x0000013e9f26a960, 0x0000013ebdd675e0, 0x0000013ebdd6a510, 0x0000013ebdd6c6e0,
0x0000013ebdd6f4a0, 0x0000013ebdd6ff00, 0x0000013ebdd72970, 0x0000013ebdd7ec10,
0x0000013ebdd83720, 0x0000013eff0c7a50, 0x0000013e8426a2b0, 0x0000013e8426a920,
0x0000013effa69420, 0x0000013e845d7150, 0x0000013e8466c640, 0x0000013e8466ccb0,
0x0000013e84972860, 0x0000013e84ae7310, 0x0000013e84ae4bb0, 0x0000013e84ae79a0
}

Java Threads: ( => current thread )
  0x0000013e9f26a960 JavaThread "main"                              [_thread_blocked, id=11788, stack(0x0000003037a00000,0x0000003037b00000) (1024K)]
  0x0000013ebdd675e0 JavaThread "Reference Handler"          daemon [_thread_blocked, id=11832, stack(0x0000003038200000,0x0000003038300000) (1024K)]
  0x0000013ebdd6a510 JavaThread "Finalizer"                  daemon [_thread_blocked, id=8536, stack(0x0000003038300000,0x0000003038400000) (1024K)]
  0x0000013ebdd6c6e0 JavaThread "Signal Dispatcher"          daemon [_thread_blocked, id=7716, stack(0x0000003038400000,0x0000003038500000) (1024K)]
  0x0000013ebdd6f4a0 JavaThread "Attach Listener"            daemon [_thread_blocked, id=8732, stack(0x0000003038500000,0x0000003038600000) (1024K)]
  0x0000013ebdd6ff00 JavaThread "Service Thread"             daemon [_thread_blocked, id=8268, stack(0x0000003038600000,0x0000003038700000) (1024K)]
  0x0000013ebdd72970 JavaThread "Monitor Deflation Thread"   daemon [_thread_blocked, id=6036, stack(0x0000003038700000,0x0000003038800000) (1024K)]
=>0x0000013ebdd7ec10 JavaThread "C2 CompilerThread0"         daemon [_thread_in_native, id=9620, stack(0x0000003038800000,0x0000003038900000) (1024K)]
  0x0000013ebdd83720 JavaThread "C1 CompilerThread0"         daemon [_thread_blocked, id=9652, stack(0x0000003038900000,0x0000003038a00000) (1024K)]
  0x0000013eff0c7a50 JavaThread "Common-Cleaner"             daemon [_thread_blocked, id=5724, stack(0x0000003038a00000,0x0000003038b00000) (1024K)]
  0x0000013e8426a2b0 JavaThread "Monitor Ctrl-Break"         daemon [_thread_in_native, id=8236, stack(0x0000003039000000,0x0000003039100000) (1024K)]
  0x0000013e8426a920 JavaThread "Notification Thread"        daemon [_thread_blocked, id=8324, stack(0x0000003039100000,0x0000003039200000) (1024K)]
  0x0000013effa69420 JavaThread "JavaFX-Launcher"                   [_thread_blocked, id=9124, stack(0x0000003039200000,0x0000003039300000) (1024K)]
  0x0000013e845d7150 JavaThread "QuantumRenderer-0"          daemon [_thread_blocked, id=2644, stack(0x0000003038c00000,0x0000003038d00000) (1024K)]
  0x0000013e8466c640 JavaThread "InvokeLaterDispatcher"      daemon [_thread_blocked, id=1280, stack(0x0000003039700000,0x0000003039800000) (1024K)]
  0x0000013e8466ccb0 JavaThread "JavaFX Application Thread"         [_thread_in_native, id=3532, stack(0x0000003039800000,0x0000003039900000) (1024K)]
  0x0000013e84972860 JavaThread "Thread-2"                   daemon [_thread_in_native, id=2216, stack(0x000000303a100000,0x000000303a200000) (1024K)]
  0x0000013e84ae7310 JavaThread "Prism Font Disposer"        daemon [_thread_blocked, id=1580, stack(0x000000303a700000,0x000000303a800000) (1024K)]
  0x0000013e84ae4bb0 JavaThread "Disposer"                   daemon [_thread_blocked, id=11696, stack(0x000000303a800000,0x000000303a900000) (1024K)]
  0x0000013e84ae79a0 JavaThread "Cleaner-0"                  daemon [_thread_blocked, id=4660, stack(0x000000303ac00000,0x000000303ad00000) (1024K)]
Total: 20

Other Threads:
  0x0000013ebdd508f0 VMThread "VM Thread"                           [id=10148, stack(0x0000003038100000,0x0000003038200000) (1024K)]
  0x0000013ebdd3c6e0 WatcherThread "VM Periodic Task Thread"        [id=7764, stack(0x0000003038000000,0x0000003038100000) (1024K)]
  0x0000013ea1696a10 WorkerThread "GC Thread#0"                     [id=2868, stack(0x0000003037b00000,0x0000003037c00000) (1024K)]
  0x0000013eff543f80 WorkerThread "GC Thread#1"                     [id=820, stack(0x0000003038d00000,0x0000003038e00000) (1024K)]
  0x0000013eff4bb420 WorkerThread "GC Thread#2"                     [id=9196, stack(0x0000003038e00000,0x0000003038f00000) (1024K)]
  0x0000013eff4bb7d0 WorkerThread "GC Thread#3"                     [id=11644, stack(0x0000003038f00000,0x0000003039000000) (1024K)]
  0x0000013e84685ad0 WorkerThread "GC Thread#4"                     [id=2668, stack(0x0000003038b00000,0x0000003038c00000) (1024K)]
  0x0000013e84685e80 WorkerThread "GC Thread#5"                     [id=8388, stack(0x0000003039500000,0x0000003039600000) (1024K)]
  0x0000013e84686230 WorkerThread "GC Thread#6"                     [id=10724, stack(0x0000003039600000,0x0000003039700000) (1024K)]
  0x0000013e84883090 WorkerThread "GC Thread#7"                     [id=10888, stack(0x000000303a300000,0x000000303a400000) (1024K)]
  0x0000013e84883440 WorkerThread "GC Thread#8"                     [id=10416, stack(0x000000303a400000,0x000000303a500000) (1024K)]
  0x0000013e848846b0 WorkerThread "GC Thread#9"                     [id=10952, stack(0x000000303a500000,0x000000303a600000) (1024K)]
  0x0000013ea16c0780 ConcurrentGCThread "G1 Main Marker"            [id=2832, stack(0x0000003037c00000,0x0000003037d00000) (1024K)]
  0x0000013ea16c1940 WorkerThread "G1 Conc#0"                       [id=10256, stack(0x0000003037d00000,0x0000003037e00000) (1024K)]
  0x0000013e84bec5f0 WorkerThread "G1 Conc#1"                       [id=8688, stack(0x000000303aa00000,0x000000303ab00000) (1024K)]
  0x0000013e84be9600 WorkerThread "G1 Conc#2"                       [id=9528, stack(0x000000303ab00000,0x000000303ac00000) (1024K)]
  0x0000013ebdc0f160 ConcurrentGCThread "G1 Refine#0"               [id=10532, stack(0x0000003037e00000,0x0000003037f00000) (1024K)]
  0x0000013ebdc0f990 ConcurrentGCThread "G1 Service"                [id=10012, stack(0x0000003037f00000,0x0000003038000000) (1024K)]
Total: 18

Threads with active compile tasks:
C2 CompilerThread0  40102 6621 %     4       com.sun.marlin.Renderer::_endRendering @ 787 (2639 bytes)
Total: 1

VM state: not at safepoint (normal execution)

VM Mutex/Monitor currently owned by a thread: None

Heap address: 0x00000000a2600000, size: 1498 MB, Compressed Oops mode: 32-bit

CDS archive(s) mapped at: [0x0000013ebe000000-0x0000013ebed70000-0x0000013ebed70000), size 14090240, SharedBaseAddress: 0x0000013ebe000000, ArchiveRelocationMode: 1.
Compressed class space mapped at: 0x0000013ebf000000-0x0000013eff000000, reserved size: 1073741824
Narrow klass base: 0x0000013ebe000000, Narrow klass shift: 0, Narrow klass range: 0x41000000

GC Precious Log:
 CardTable entry size: 512
 Card Set container configuration: InlinePtr #cards 5 size 8 Array Of Cards #cards 10 size 36 Howl #buckets 4 coarsen threshold 1843 Howl Bitmap #cards 512 size 80 coarsen threshold 460 Card regions per heap region 1 cards per card region 2048
 CPUs: 12 total, 12 available
 Memory: 5989M
 Large Page Support: Disabled
 NUMA Support: Disabled
 Compressed Oops: Enabled (32-bit)
 Heap Region Size: 1M
 Heap Min Capacity: 8M
 Heap Initial Capacity: 94M
 Heap Max Capacity: 1498M
 Pre-touch: Disabled
 Parallel Workers: 10
 Concurrent Workers: 3
 Concurrent Refinement Workers: 10
 Periodic GC: Disabled

Heap:
 garbage-first heap   total reserved 1533952K, committed 70656K, used 30030K [0x00000000a2600000, 0x0000000100000000)
  region size 1024K, 10 young (10240K), 6 survivors (6144K)
 Metaspace       used 25499K, committed 25984K, reserved 1114112K
  class space    used 3733K, committed 3968K, reserved 1048576K

Heap Regions: E=young(eden), S=young(survivor), O=old, HS=humongous(starts), HC=humongous(continues), CS=collection set, F=free, TAMS=top-at-mark-start, PB=parsable bottom
|   0|0x00000000a2600000, 0x00000000a2700000, 0x00000000a2700000|100%|HS|  |TAMS 0x00000000a2600000| PB 0x00000000a2600000| Complete |  0
|   1|0x00000000a2700000, 0x00000000a2800000, 0x00000000a2800000|100%| O|  |TAMS 0x00000000a2700000| PB 0x00000000a2700000| Untracked |  0
|   2|0x00000000a2800000, 0x00000000a2900000, 0x00000000a2900000|100%| O|  |TAMS 0x00000000a2800000| PB 0x00000000a2800000| Untracked |  0
|   3|0x00000000a2900000, 0x00000000a2900000, 0x00000000a2a00000|  0%| F|  |TAMS 0x00000000a2900000| PB 0x00000000a2900000| Untracked |  0
|   4|0x00000000a2a00000, 0x00000000a2b00000, 0x00000000a2b00000|100%| O|  |TAMS 0x00000000a2a00000| PB 0x00000000a2a00000| Untracked |  0
|   5|0x00000000a2b00000, 0x00000000a2c00000, 0x00000000a2c00000|100%|HS|  |TAMS 0x00000000a2b00000| PB 0x00000000a2b00000| Complete |  0
|   6|0x00000000a2c00000, 0x00000000a2d00000, 0x00000000a2d00000|100%|HC|  |TAMS 0x00000000a2c00000| PB 0x00000000a2c00000| Complete |  0
|   7|0x00000000a2d00000, 0x00000000a2d00000, 0x00000000a2e00000|  0%| F|  |TAMS 0x00000000a2d00000| PB 0x00000000a2d00000| Untracked |  0
|   8|0x00000000a2e00000, 0x00000000a2f00000, 0x00000000a2f00000|100%| O|  |TAMS 0x00000000a2e00000| PB 0x00000000a2e00000| Untracked |  0
|   9|0x00000000a2f00000, 0x00000000a3000000, 0x00000000a3000000|100%| O|  |TAMS 0x00000000a2f00000| PB 0x00000000a2f00000| Untracked |  0
|  10|0x00000000a3000000, 0x00000000a3100000, 0x00000000a3100000|100%| O|Cm|TAMS 0x00000000a3000000| PB 0x00000000a3000000| Complete |  0
|  11|0x00000000a3100000, 0x00000000a3200000, 0x00000000a3200000|100%| O|  |TAMS 0x00000000a3100000| PB 0x00000000a3100000| Untracked |  0
|  12|0x00000000a3200000, 0x00000000a3300000, 0x00000000a3300000|100%| O|  |TAMS 0x00000000a3200000| PB 0x00000000a3200000| Untracked |  0
|  13|0x00000000a3300000, 0x00000000a3400000, 0x00000000a3400000|100%| O|  |TAMS 0x00000000a3300000| PB 0x00000000a3300000| Untracked |  1
|  14|0x00000000a3400000, 0x00000000a3500000, 0x00000000a3500000|100%| O|  |TAMS 0x00000000a3400000| PB 0x00000000a3400000| Untracked |  0
|  15|0x00000000a3500000, 0x00000000a3600000, 0x00000000a3600000|100%| O|  |TAMS 0x00000000a3500000| PB 0x00000000a3500000| Untracked |  0
|  16|0x00000000a3600000, 0x00000000a3700000, 0x00000000a3700000|100%| O|  |TAMS 0x00000000a3600000| PB 0x00000000a3600000| Untracked |  0
|  17|0x00000000a3700000, 0x00000000a3800000, 0x00000000a3800000|100%| O|  |TAMS 0x00000000a3700000| PB 0x00000000a3700000| Untracked |  0
|  18|0x00000000a3800000, 0x00000000a3900000, 0x00000000a3900000|100%| O|  |TAMS 0x00000000a3800000| PB 0x00000000a3800000| Untracked |  0
|  19|0x00000000a3900000, 0x00000000a3a00000, 0x00000000a3a00000|100%| O|  |TAMS 0x00000000a3900000| PB 0x00000000a3900000| Untracked |  0
|  20|0x00000000a3a00000, 0x00000000a3a3bb20, 0x00000000a3b00000| 23%| O|  |TAMS 0x00000000a3a00000| PB 0x00000000a3a00000| Untracked |  0
|  21|0x00000000a3b00000, 0x00000000a3b00000, 0x00000000a3c00000|  0%| F|  |TAMS 0x00000000a3b00000| PB 0x00000000a3b00000| Untracked |  0
|  22|0x00000000a3c00000, 0x00000000a3c00000, 0x00000000a3d00000|  0%| F|  |TAMS 0x00000000a3c00000| PB 0x00000000a3c00000| Untracked |  0
|  23|0x00000000a3d00000, 0x00000000a3d00000, 0x00000000a3e00000|  0%| F|  |TAMS 0x00000000a3d00000| PB 0x00000000a3d00000| Untracked |  0
|  24|0x00000000a3e00000, 0x00000000a3e00000, 0x00000000a3f00000|  0%| F|  |TAMS 0x00000000a3e00000| PB 0x00000000a3e00000| Untracked |  0
|  25|0x00000000a3f00000, 0x00000000a3f00000, 0x00000000a4000000|  0%| F|  |TAMS 0x00000000a3f00000| PB 0x00000000a3f00000| Untracked |  0
|  26|0x00000000a4000000, 0x00000000a4000000, 0x00000000a4100000|  0%| F|  |TAMS 0x00000000a4000000| PB 0x00000000a4000000| Untracked |  0
|  27|0x00000000a4100000, 0x00000000a4100000, 0x00000000a4200000|  0%| F|  |TAMS 0x00000000a4100000| PB 0x00000000a4100000| Untracked |  0
|  28|0x00000000a4200000, 0x00000000a4200000, 0x00000000a4300000|  0%| F|  |TAMS 0x00000000a4200000| PB 0x00000000a4200000| Untracked |  0
|  29|0x00000000a4300000, 0x00000000a4300000, 0x00000000a4400000|  0%| F|  |TAMS 0x00000000a4300000| PB 0x00000000a4300000| Untracked |  0
|  30|0x00000000a4400000, 0x00000000a4400000, 0x00000000a4500000|  0%| F|  |TAMS 0x00000000a4400000| PB 0x00000000a4400000| Untracked |  0
|  31|0x00000000a4500000, 0x00000000a4500000, 0x00000000a4600000|  0%| F|  |TAMS 0x00000000a4500000| PB 0x00000000a4500000| Untracked |  0
|  32|0x00000000a4600000, 0x00000000a4600000, 0x00000000a4700000|  0%| F|  |TAMS 0x00000000a4600000| PB 0x00000000a4600000| Untracked |  0
|  33|0x00000000a4700000, 0x00000000a4700000, 0x00000000a4800000|  0%| F|  |TAMS 0x00000000a4700000| PB 0x00000000a4700000| Untracked |  0
|  34|0x00000000a4800000, 0x00000000a4800000, 0x00000000a4900000|  0%| F|  |TAMS 0x00000000a4800000| PB 0x00000000a4800000| Untracked |  0
|  35|0x00000000a4900000, 0x00000000a4900000, 0x00000000a4a00000|  0%| F|  |TAMS 0x00000000a4900000| PB 0x00000000a4900000| Untracked |  0
|  36|0x00000000a4a00000, 0x00000000a4a00000, 0x00000000a4b00000|  0%| F|  |TAMS 0x00000000a4a00000| PB 0x00000000a4a00000| Untracked |  0
|  37|0x00000000a4b00000, 0x00000000a4b00000, 0x00000000a4c00000|  0%| F|  |TAMS 0x00000000a4b00000| PB 0x00000000a4b00000| Untracked |  0
|  38|0x00000000a4c00000, 0x00000000a4c00000, 0x00000000a4d00000|  0%| F|  |TAMS 0x00000000a4c00000| PB 0x00000000a4c00000| Untracked |  0
|  39|0x00000000a4d00000, 0x00000000a4d00000, 0x00000000a4e00000|  0%| F|  |TAMS 0x00000000a4d00000| PB 0x00000000a4d00000| Untracked |  0
|  40|0x00000000a4e00000, 0x00000000a4e00000, 0x00000000a4f00000|  0%| F|  |TAMS 0x00000000a4e00000| PB 0x00000000a4e00000| Untracked |  0
|  41|0x00000000a4f00000, 0x00000000a4f00000, 0x00000000a5000000|  0%| F|  |TAMS 0x00000000a4f00000| PB 0x00000000a4f00000| Untracked |  0
|  42|0x00000000a5000000, 0x00000000a5000000, 0x00000000a5100000|  0%| F|  |TAMS 0x00000000a5000000| PB 0x00000000a5000000| Untracked |  0
|  43|0x00000000a5100000, 0x00000000a5100000, 0x00000000a5200000|  0%| F|  |TAMS 0x00000000a5100000| PB 0x00000000a5100000| Untracked |  0
|  44|0x00000000a5200000, 0x00000000a5200000, 0x00000000a5300000|  0%| F|  |TAMS 0x00000000a5200000| PB 0x00000000a5200000| Untracked |  0
|  45|0x00000000a5300000, 0x00000000a5300000, 0x00000000a5400000|  0%| F|  |TAMS 0x00000000a5300000| PB 0x00000000a5300000| Untracked |  0
|  46|0x00000000a5400000, 0x00000000a5400000, 0x00000000a5500000|  0%| F|  |TAMS 0x00000000a5400000| PB 0x00000000a5400000| Untracked |  0
|  47|0x00000000a5500000, 0x00000000a5500000, 0x00000000a5600000|  0%| F|  |TAMS 0x00000000a5500000| PB 0x00000000a5500000| Untracked |  0
|  48|0x00000000a5600000, 0x00000000a5600000, 0x00000000a5700000|  0%| F|  |TAMS 0x00000000a5600000| PB 0x00000000a5600000| Untracked |  0
|  49|0x00000000a5700000, 0x00000000a5700000, 0x00000000a5800000|  0%| F|  |TAMS 0x00000000a5700000| PB 0x00000000a5700000| Untracked |  0
|  50|0x00000000a5800000, 0x00000000a5800000, 0x00000000a5900000|  0%| F|  |TAMS 0x00000000a5800000| PB 0x00000000a5800000| Untracked |  0
|  51|0x00000000a5900000, 0x00000000a5900000, 0x00000000a5a00000|  0%| F|  |TAMS 0x00000000a5900000| PB 0x00000000a5900000| Untracked |  0
|  52|0x00000000a5a00000, 0x00000000a5a00000, 0x00000000a5b00000|  0%| F|  |TAMS 0x00000000a5a00000| PB 0x00000000a5a00000| Untracked |  0
|  53|0x00000000a5b00000, 0x00000000a5b00000, 0x00000000a5c00000|  0%| F|  |TAMS 0x00000000a5b00000| PB 0x00000000a5b00000| Untracked |  0
|  54|0x00000000a5c00000, 0x00000000a5c00000, 0x00000000a5d00000|  0%| F|  |TAMS 0x00000000a5c00000| PB 0x00000000a5c00000| Untracked |  0
|  55|0x00000000a5d00000, 0x00000000a5d00000, 0x00000000a5e00000|  0%| F|  |TAMS 0x00000000a5d00000| PB 0x00000000a5d00000| Untracked |  0
|  56|0x00000000a5e00000, 0x00000000a5e1d5c8, 0x00000000a5f00000| 11%| E|  |TAMS 0x00000000a5e00000| PB 0x00000000a5e00000| Complete |  0
|  57|0x00000000a5f00000, 0x00000000a6000000, 0x00000000a6000000|100%| E|CS|TAMS 0x00000000a5f00000| PB 0x00000000a5f00000| Complete |  0
|  58|0x00000000a6000000, 0x00000000a6100000, 0x00000000a6100000|100%| S|CS|TAMS 0x00000000a6000000| PB 0x00000000a6000000| Complete |  0
|  59|0x00000000a6100000, 0x00000000a6200000, 0x00000000a6200000|100%| S|CS|TAMS 0x00000000a6100000| PB 0x00000000a6100000| Complete |  0
|  60|0x00000000a6200000, 0x00000000a6300000, 0x00000000a6300000|100%| S|CS|TAMS 0x00000000a6200000| PB 0x00000000a6200000| Complete |  0
|  61|0x00000000a6300000, 0x00000000a6400000, 0x00000000a6400000|100%| S|CS|TAMS 0x00000000a6300000| PB 0x00000000a6300000| Complete |  0
|  62|0x00000000a6400000, 0x00000000a6500000, 0x00000000a6500000|100%| S|CS|TAMS 0x00000000a6400000| PB 0x00000000a6400000| Complete |  0
|  63|0x00000000a6500000, 0x00000000a6600000, 0x00000000a6600000|100%| S|CS|TAMS 0x00000000a6500000| PB 0x00000000a6500000| Complete |  0
|  90|0x00000000a8000000, 0x00000000a8100000, 0x00000000a8100000|100%| E|CS|TAMS 0x00000000a8000000| PB 0x00000000a8000000| Complete |  0
|  93|0x00000000a8300000, 0x00000000a8400000, 0x00000000a8400000|100%| E|CS|TAMS 0x00000000a8300000| PB 0x00000000a8300000| Complete |  0
|1495|0x00000000ffd00000, 0x00000000ffd17ec8, 0x00000000ffe00000|  9%| O|  |TAMS 0x00000000ffd00000| PB 0x00000000ffd00000| Untracked |  0
|1496|0x00000000ffe00000, 0x00000000fff00000, 0x00000000fff00000|100%| O|  |TAMS 0x00000000ffe00000| PB 0x00000000ffe00000| Untracked |  0
|1497|0x00000000fff00000, 0x0000000100000000, 0x0000000100000000|100%| O|  |TAMS 0x00000000fff00000| PB 0x00000000fff00000| Untracked |  0

Card table byte_map: [0x0000013eb96d0000,0x0000013eb99c0000] _byte_map_base: 0x0000013eb91bd000

Marking Bits: (CMBitMap*) 0x0000013ea1697030
 Bits: [0x0000013eb99c0000, 0x0000013ebb128000)

Polling page: 0x0000013e9f200000

Metaspace:

Usage:
  Non-class:     21.26 MB used.
      Class:      3.65 MB used.
       Both:     24.90 MB used.

Virtual space:
  Non-class space:       64.00 MB reserved,      21.50 MB ( 34%) committed,  1 nodes.
      Class space:        1.00 GB reserved,       3.88 MB ( <1%) committed,  1 nodes.
             Both:        1.06 GB reserved,      25.38 MB (  2%) committed. 

Chunk freelists:
   Non-Class:  10.34 MB
       Class:  12.10 MB
        Both:  22.44 MB

MaxMetaspaceSize: unlimited
CompressedClassSpaceSize: 1.00 GB
Initial GC threshold: 21.00 MB
Current GC threshold: 35.12 MB
CDS: on
 - commit_granule_bytes: 65536.
 - commit_granule_words: 8192.
 - virtual_space_node_default_size: 8388608.
 - enlarge_chunks_in_place: 1.
 - use_allocation_guard: 0.


Internal statistics:

num_allocs_failed_limit: 3.
num_arena_births: 526.
num_arena_deaths: 0.
num_vsnodes_births: 2.
num_vsnodes_deaths: 0.
num_space_committed: 406.
num_space_uncommitted: 0.
num_chunks_returned_to_freelist: 3.
num_chunks_taken_from_freelist: 1307.
num_chunk_merges: 3.
num_chunk_splits: 910.
num_chunks_enlarged: 662.
num_inconsistent_stats: 0.

CodeHeap 'non-profiled nmethods': size=120064Kb used=2744Kb max_used=2744Kb free=117319Kb
 bounds [0x0000013eb1840000, 0x0000013eb1af0000, 0x0000013eb8d80000]
CodeHeap 'profiled nmethods': size=120000Kb used=10282Kb max_used=10282Kb free=109717Kb
 bounds [0x0000013ea9d80000, 0x0000013eaa790000, 0x0000013eb12b0000]
CodeHeap 'non-nmethods': size=5696Kb used=1931Kb max_used=1981Kb free=3764Kb
 bounds [0x0000013eb12b0000, 0x0000013eb1520000, 0x0000013eb1840000]
CodeCache: size=245760Kb, used=14957Kb, max_used=15007Kb, free=230800Kb
 total_blobs=7569, nmethods=6621, adapters=853, full_count=0
Compilation: enabled, stopped_count=0, restarted_count=0

Compilation events (20 events):
Event: 38.938 Thread 0x0000013ebdd7ec10 6610       4       com.sun.javafx.sg.prism.NGNode::computeNodeRenderRoot (112 bytes)
Event: 38.938 Thread 0x0000013ebdd83720 nmethod 6611 0x0000013eaa782388 code [0x0000013eaa7824c0, 0x0000013eaa782788]
Event: 38.944 Thread 0x0000013ebdd7ec10 nmethod 6610 0x0000013eb1ae9408 code [0x0000013eb1ae95a0, 0x0000013eb1ae9ba0]
Event: 39.074 Thread 0x0000013ebdd7ec10 6612       4       com.sun.javafx.scene.input.InputEventUtils::recomputeCoordinates (220 bytes)
Event: 39.088 Thread 0x0000013ebdd83720 6613       3       com.sun.javafx.sg.prism.NGRectangle::isRectClip (132 bytes)
Event: 39.088 Thread 0x0000013ebdd83720 nmethod 6613 0x0000013eaa782808 code [0x0000013eaa782a20, 0x0000013eaa7835c0]
Event: 39.088 Thread 0x0000013ebdd83720 6614       3       com.sun.javafx.sg.prism.NGRectangle::isRounded (30 bytes)
Event: 39.089 Thread 0x0000013ebdd83720 nmethod 6614 0x0000013eaa783688 code [0x0000013eaa7837a0, 0x0000013eaa783988]
Event: 39.089 Thread 0x0000013ebdd7ec10 nmethod 6612 0x0000013eb1ae9c88 code [0x0000013eb1ae9f20, 0x0000013eb1aeaef0]
Event: 39.092 Thread 0x0000013ebdd83720 6615       3       com.sun.marlin.Renderer::_endRendering (2639 bytes)
Event: 39.097 Thread 0x0000013ebdd83720 nmethod 6615 0x0000013eaa783a08 code [0x0000013eaa784060, 0x0000013eaa788788]
Event: 39.583 Thread 0x0000013ebdd83720 6616       3       com.sun.javafx.tk.quantum.SceneState::isValid (41 bytes)
Event: 39.584 Thread 0x0000013ebdd83720 nmethod 6616 0x0000013eaa788888 code [0x0000013eaa7889c0, 0x0000013eaa788eb8]
Event: 39.763 Thread 0x0000013ebdd7ec10 6617   !   4       javafx.scene.Node::intersectsBounds (1005 bytes)
Event: 39.778 Thread 0x0000013ebdd7ec10 nmethod 6617 0x0000013eb1aeb088 code [0x0000013eb1aeb340, 0x0000013eb1aec6f0]
Event: 39.873 Thread 0x0000013ebdd7ec10 6618       4       com.sun.glass.ui.win.WinApplication::submitForLaterInvocation (6 bytes)
Event: 39.873 Thread 0x0000013ebdd7ec10 nmethod 6618 0x0000013eb1aec908 code [0x0000013eb1aeca20, 0x0000013eb1aecac0]
Event: 39.886 Thread 0x0000013ebdd7ec10 6619   !   4       java.util.concurrent.LinkedBlockingDeque::offerLast (53 bytes)
Event: 39.899 Thread 0x0000013ebdd7ec10 nmethod 6619 0x0000013eb1aecc08 code [0x0000013eb1aecde0, 0x0000013eb1aedd60]
Event: 39.900 Thread 0x0000013ebdd7ec10 6621 %     4       com.sun.marlin.Renderer::_endRendering @ 787 (2639 bytes)

GC Heap History (12 events):
Event: 0.344 GC heap before
{Heap before GC invocations=0 (full 0):
 garbage-first heap   total reserved 1533952K, committed 96256K, used 30720K [0x00000000a2600000, 0x0000000100000000)
  region size 1024K, 24 young (24576K), 0 survivors (0K)
 Metaspace       used 1054K, committed 1280K, reserved 1114112K
  class space    used 76K, committed 192K, reserved 1048576K
}
Event: 0.351 GC heap after
{Heap after GC invocations=1 (full 0):
 garbage-first heap   total reserved 1533952K, committed 96256K, used 8352K [0x00000000a2600000, 0x0000000100000000)
  region size 1024K, 3 young (3072K), 3 survivors (3072K)
 Metaspace       used 1054K, committed 1280K, reserved 1114112K
  class space    used 76K, committed 192K, reserved 1048576K
}
Event: 0.972 GC heap before
{Heap before GC invocations=1 (full 0):
 garbage-first heap   total reserved 1533952K, committed 96256K, used 31904K [0x00000000a2600000, 0x0000000100000000)
  region size 1024K, 25 young (25600K), 3 survivors (3072K)
 Metaspace       used 5353K, committed 5504K, reserved 1114112K
  class space    used 547K, committed 640K, reserved 1048576K
}
Event: 0.977 GC heap after
{Heap after GC invocations=2 (full 0):
 garbage-first heap   total reserved 1533952K, committed 96256K, used 11237K [0x00000000a2600000, 0x0000000100000000)
  region size 1024K, 4 young (4096K), 4 survivors (4096K)
 Metaspace       used 5353K, committed 5504K, reserved 1114112K
  class space    used 547K, committed 640K, reserved 1048576K
}
Event: 1.550 GC heap before
{Heap before GC invocations=2 (full 0):
 garbage-first heap   total reserved 1533952K, committed 96256K, used 53221K [0x00000000a2600000, 0x0000000100000000)
  region size 1024K, 46 young (47104K), 4 survivors (4096K)
 Metaspace       used 13281K, committed 13568K, reserved 1114112K
  class space    used 1730K, committed 1856K, reserved 1048576K
}
Event: 1.555 GC heap after
{Heap after GC invocations=3 (full 0):
 garbage-first heap   total reserved 1533952K, committed 96256K, used 17421K [0x00000000a2600000, 0x0000000100000000)
  region size 1024K, 6 young (6144K), 6 survivors (6144K)
 Metaspace       used 13281K, committed 13568K, reserved 1114112K
  class space    used 1730K, committed 1856K, reserved 1048576K
}
Event: 3.494 GC heap before
{Heap before GC invocations=3 (full 0):
 garbage-first heap   total reserved 1533952K, committed 96256K, used 56333K [0x00000000a2600000, 0x0000000100000000)
  region size 1024K, 45 young (46080K), 6 survivors (6144K)
 Metaspace       used 20880K, committed 21184K, reserved 1114112K
  class space    used 3254K, committed 3392K, reserved 1048576K
}
Event: 3.499 GC heap after
{Heap after GC invocations=4 (full 0):
 garbage-first heap   total reserved 1533952K, committed 96256K, used 20709K [0x00000000a2600000, 0x0000000100000000)
  region size 1024K, 4 young (4096K), 4 survivors (4096K)
 Metaspace       used 20880K, committed 21184K, reserved 1114112K
  class space    used 3254K, committed 3392K, reserved 1048576K
}
Event: 3.534 GC heap before
{Heap before GC invocations=4 (full 0):
 garbage-first heap   total reserved 1533952K, committed 96256K, used 22757K [0x00000000a2600000, 0x0000000100000000)
  region size 1024K, 7 young (7168K), 4 survivors (4096K)
 Metaspace       used 21138K, committed 21504K, reserved 1114112K
  class space    used 3293K, committed 3456K, reserved 1048576K
}
Event: 3.537 GC heap after
{Heap after GC invocations=5 (full 0):
 garbage-first heap   total reserved 1533952K, committed 96256K, used 21557K [0x00000000a2600000, 0x0000000100000000)
  region size 1024K, 1 young (1024K), 1 survivors (1024K)
 Metaspace       used 21138K, committed 21504K, reserved 1114112K
  class space    used 3293K, committed 3456K, reserved 1048576K
}
Event: 33.038 GC heap before
{Heap before GC invocations=6 (full 0):
 garbage-first heap   total reserved 1533952K, committed 61440K, used 60469K [0x00000000a2600000, 0x0000000100000000)
  region size 1024K, 41 young (41984K), 1 survivors (1024K)
 Metaspace       used 25394K, committed 25920K, reserved 1114112K
  class space    used 3726K, committed 3968K, reserved 1048576K
}
Event: 33.043 GC heap after
{Heap after GC invocations=7 (full 0):
 garbage-first heap   total reserved 1533952K, committed 70656K, used 26958K [0x00000000a2600000, 0x0000000100000000)
  region size 1024K, 6 young (6144K), 6 survivors (6144K)
 Metaspace       used 25394K, committed 25920K, reserved 1114112K
  class space    used 3726K, committed 3968K, reserved 1048576K
}

Dll operation events (20 events):
Event: 0.818 Loaded shared library C:\Users\jorge\.openjfx\cache\23.0.1+4\amd64\api-ms-win-crt-locale-l1-1-0.dll
Event: 0.821 Loaded shared library C:\Users\jorge\.openjfx\cache\23.0.1+4\amd64\api-ms-win-crt-math-l1-1-0.dll
Event: 0.825 Loaded shared library C:\Users\jorge\.openjfx\cache\23.0.1+4\amd64\api-ms-win-crt-multibyte-l1-1-0.dll
Event: 0.828 Loaded shared library C:\Users\jorge\.openjfx\cache\23.0.1+4\amd64\api-ms-win-crt-private-l1-1-0.dll
Event: 0.831 Loaded shared library C:\Users\jorge\.openjfx\cache\23.0.1+4\amd64\api-ms-win-crt-process-l1-1-0.dll
Event: 0.834 Loaded shared library C:\Users\jorge\.openjfx\cache\23.0.1+4\amd64\api-ms-win-crt-runtime-l1-1-0.dll
Event: 0.837 Loaded shared library C:\Users\jorge\.openjfx\cache\23.0.1+4\amd64\api-ms-win-crt-stdio-l1-1-0.dll
Event: 0.839 Loaded shared library C:\Users\jorge\.openjfx\cache\23.0.1+4\amd64\api-ms-win-crt-string-l1-1-0.dll
Event: 0.842 Loaded shared library C:\Users\jorge\.openjfx\cache\23.0.1+4\amd64\api-ms-win-crt-time-l1-1-0.dll
Event: 0.845 Loaded shared library C:\Users\jorge\.openjfx\cache\23.0.1+4\amd64\api-ms-win-crt-utility-l1-1-0.dll
Event: 0.856 Loaded shared library C:\Users\jorge\.openjfx\cache\23.0.1+4\amd64\ucrtbase.dll
Event: 0.860 Loaded shared library C:\Users\jorge\.openjfx\cache\23.0.1+4\amd64\vcruntime140.dll
Event: 0.863 Loaded shared library C:\Users\jorge\.openjfx\cache\23.0.1+4\amd64\vcruntime140_1.dll
Event: 0.870 Loaded shared library C:\Users\jorge\.openjfx\cache\23.0.1+4\amd64\msvcp140.dll
Event: 0.873 Loaded shared library C:\Users\jorge\.openjfx\cache\23.0.1+4\amd64\msvcp140_1.dll
Event: 0.877 Loaded shared library C:\Users\jorge\.openjfx\cache\23.0.1+4\amd64\msvcp140_2.dll
Event: 0.912 Loaded shared library C:\Users\jorge\.openjfx\cache\23.0.1+4\amd64\prism_d3d.dll
Event: 0.987 Loaded shared library C:\Users\jorge\.openjfx\cache\23.0.1+4\amd64\glass.dll
Event: 1.446 Loaded shared library C:\Users\jorge\.openjfx\cache\23.0.1+4\amd64\javafx_font.dll
Event: 3.288 Loaded shared library C:\Users\jorge\.openjfx\cache\23.0.1+4\amd64\jfxwebkit.dll

Deoptimization events (20 events):
Event: 37.954 Thread 0x0000013e8466ccb0 DEOPT PACKING pc=0x0000013eb1a51494 sp=0x00000030398fdba0
Event: 37.954 Thread 0x0000013e8466ccb0 DEOPT UNPACKING pc=0x0000013eb1304402 sp=0x00000030398fdb00 mode 2
Event: 38.095 Thread 0x0000013e8466ccb0 Uncommon trap: trap_request=0xffffffde fr.pc=0x0000013eb1a6331c relative=0x000000000000601c
Event: 38.095 Thread 0x0000013e8466ccb0 Uncommon trap: reason=class_check action=maybe_recompile pc=0x0000013eb1a6331c method=javafx.scene.CssStyleHelper.transitionToState(Ljavafx/scene/Node;)V @ 515 c2
Event: 38.095 Thread 0x0000013e8466ccb0 DEOPT PACKING pc=0x0000013eb1a6331c sp=0x00000030398fe250
Event: 38.095 Thread 0x0000013e8466ccb0 DEOPT UNPACKING pc=0x0000013eb1304402 sp=0x00000030398fe1d8 mode 2
Event: 38.095 Thread 0x0000013e8466ccb0 Uncommon trap: trap_request=0xffffffc6 fr.pc=0x0000013eb1a4dbd8 relative=0x00000000000004f8
Event: 38.095 Thread 0x0000013e8466ccb0 Uncommon trap: reason=bimorphic_or_optimized_type_check action=maybe_recompile pc=0x0000013eb1a4dbd8 method=javafx.scene.Node.getLocalBounds(Lcom/sun/javafx/geom/BaseBounds;Lcom/sun/javafx/geom/transform/BaseTransform;)Lcom/sun/javafx/geom/BaseBounds; @ 2
Event: 38.095 Thread 0x0000013e8466ccb0 DEOPT PACKING pc=0x0000013eb1a4dbd8 sp=0x00000030398fe460
Event: 38.095 Thread 0x0000013e8466ccb0 DEOPT UNPACKING pc=0x0000013eb1304402 sp=0x00000030398fe418 mode 2
Event: 38.225 Thread 0x0000013e845d7150 DEOPT PACKING pc=0x0000013eaa6c5258 sp=0x0000003038cfe010
Event: 38.225 Thread 0x0000013e845d7150 DEOPT UNPACKING pc=0x0000013eb1304b22 sp=0x0000003038cfd508 mode 0
Event: 39.091 Thread 0x0000013e845d7150 Uncommon trap: trap_request=0xffffff45 fr.pc=0x0000013eb1a0d894 relative=0x0000000000001d34
Event: 39.091 Thread 0x0000013e845d7150 Uncommon trap: reason=unstable_if action=reinterpret pc=0x0000013eb1a0d894 method=com.sun.marlin.Renderer._endRendering(IILcom/sun/marlin/MarlinAlphaConsumer;)V @ 2181 c2
Event: 39.091 Thread 0x0000013e845d7150 DEOPT PACKING pc=0x0000013eb1a0d894 sp=0x0000003038cfdb60
Event: 39.091 Thread 0x0000013e845d7150 DEOPT UNPACKING pc=0x0000013eb1304402 sp=0x0000003038cfd950 mode 2
Event: 39.092 Thread 0x0000013e845d7150 Uncommon trap: trap_request=0xffffff45 fr.pc=0x0000013eb1a00a78 relative=0x0000000000002698
Event: 39.092 Thread 0x0000013e845d7150 Uncommon trap: reason=unstable_if action=reinterpret pc=0x0000013eb1a00a78 method=com.sun.marlin.Renderer._endRendering(IILcom/sun/marlin/MarlinAlphaConsumer;)V @ 2181 c2
Event: 39.092 Thread 0x0000013e845d7150 DEOPT PACKING pc=0x0000013eb1a00a78 sp=0x0000003038cfda60
Event: 39.092 Thread 0x0000013e845d7150 DEOPT UNPACKING pc=0x0000013eb1304402 sp=0x0000003038cfd950 mode 2

Classes loaded (20 events):
Event: 9.819 Loading class java/util/Formatter$FixedString
Event: 9.819 Loading class java/util/Formatter$FixedString done
Event: 9.819 Loading class java/util/Formatter$FormatSpecifierParser
Event: 9.819 Loading class java/util/Formatter$FormatSpecifierParser done
Event: 15.499 Loading class jdk/internal/math/FormattedFPDecimal
Event: 15.501 Loading class jdk/internal/math/FormattedFPDecimal done
Event: 32.276 Loading class java/text/BreakIterator
Event: 32.276 Loading class java/text/BreakIterator done
Event: 32.276 Loading class sun/util/locale/provider/BreakIteratorProviderImpl$GraphemeBreakIterator
Event: 32.276 Loading class sun/util/locale/provider/BreakIteratorProviderImpl$GraphemeBreakIterator done
Event: 32.276 Loading class java/text/StringCharacterIterator
Event: 32.276 Loading class java/text/StringCharacterIterator done
Event: 32.276 Loading class sun/util/locale/provider/BreakIteratorProviderImpl$CharacterIteratorCharSequence
Event: 32.276 Loading class sun/util/locale/provider/BreakIteratorProviderImpl$CharacterIteratorCharSequence done
Event: 32.276 Loading class java/text/BreakIterator$BreakIteratorCache
Event: 32.276 Loading class java/text/BreakIterator$BreakIteratorCache done
Event: 32.276 Loading class jdk/internal/util/regex/Grapheme
Event: 32.276 Loading class jdk/internal/util/regex/Grapheme done
Event: 32.277 Loading class jdk/internal/util/regex/IndicConjunctBreak
Event: 32.277 Loading class jdk/internal/util/regex/IndicConjunctBreak done

Classes unloaded (0 events):
No events

Classes redefined (0 events):
No events

Internal exceptions (20 events):
Event: 3.324 Thread 0x0000013e8466ccb0 Exception <a 'java/io/FileNotFoundException'{0x00000000a6aa6810}> (0x00000000a6aa6810) 
thrown [s\open\src\hotspot\share\prims\jni.cpp, line 520]
Event: 3.324 Thread 0x0000013e8466ccb0 Exception <a 'java/io/FileNotFoundException'{0x00000000a6aa8190}> (0x00000000a6aa8190) 
thrown [s\open\src\hotspot\share\prims\jni.cpp, line 520]
Event: 3.324 Thread 0x0000013e8466ccb0 Exception <a 'java/io/FileNotFoundException'{0x00000000a6aa9b20}> (0x00000000a6aa9b20) 
thrown [s\open\src\hotspot\share\prims\jni.cpp, line 520]
Event: 3.324 Thread 0x0000013e8466ccb0 Exception <a 'java/io/FileNotFoundException'{0x00000000a6aab4b0}> (0x00000000a6aab4b0) 
thrown [s\open\src\hotspot\share\prims\jni.cpp, line 520]
Event: 3.328 Thread 0x0000013e8466ccb0 Exception <a 'java/io/FileNotFoundException'{0x00000000a6ab1aa0}> (0x00000000a6ab1aa0) 
thrown [s\open\src\hotspot\share\prims\jni.cpp, line 520]
Event: 3.331 Thread 0x0000013e8466ccb0 Exception <a 'java/io/FileNotFoundException'{0x00000000a6ab88e0}> (0x00000000a6ab88e0) 
thrown [s\open\src\hotspot\share\prims\jni.cpp, line 520]
Event: 3.355 Thread 0x0000013e8466ccb0 Exception <a 'java/lang/NoSuchMethodError'{0x00000000a6871128}: 'java.lang.Object java.lang.invoke.DirectMethodHandle$Holder.newInvokeSpecial(java.lang.Object, java.lang.Object, long, java.lang.Object, java.lang.Object)'> (0x00000000a6871128) 
thrown [s\open\src\hotspot\share\interpreter\linkResolver.cpp, line 796]
Event: 3.355 Thread 0x0000013e8466ccb0 Exception <a 'java/lang/NoSuchMethodError'{0x00000000a6878de0}: 'java.lang.Object java.lang.invoke.Invokers$Holder.linkToTargetMethod(java.lang.Object, long, java.lang.Object, java.lang.Object, java.lang.Object)'> (0x00000000a6878de0) 
thrown [s\open\src\hotspot\share\interpreter\linkResolver.cpp, line 796]
Event: 3.360 Thread 0x0000013e8466ccb0 Exception <a 'sun/nio/fs/WindowsException'{0x00000000a68e6c08}> (0x00000000a68e6c08) 
thrown [s\open\src\hotspot\share\prims\jni.cpp, line 520]
Event: 3.368 Thread 0x0000013e8466ccb0 Exception <a 'java/lang/ClassNotFoundException'{0x00000000a675c970}: com/sun/javafx/scene/control/skin/resources/controls-nt> (0x00000000a675c970) 
thrown [s\open\src\hotspot\share\prims\jni.cpp, line 539]
Event: 3.368 Thread 0x0000013e8466ccb0 Exception <a 'java/lang/ClassNotFoundException'{0x00000000a6765000}: com/sun/javafx/scene/control/skin/resources/controls-nt_en> (0x00000000a6765000) 
thrown [s\open\src\hotspot\share\prims\jni.cpp, line 539]
Event: 3.368 Thread 0x0000013e8466ccb0 Exception <a 'java/lang/ClassNotFoundException'{0x00000000a67665e0}: com/sun/javafx/scene/control/skin/resources/controls-nt_en_US> (0x00000000a67665e0) 
thrown [s\open\src\hotspot\share\prims\jni.cpp, line 539]
Event: 3.397 Thread 0x0000013e8466ccb0 Exception <a 'java/lang/ClassNotFoundException'{0x00000000a6589720}: com/sun/javafx/scene/control/skin/resources/controls> (0x00000000a6589720) 
thrown [s\open\src\hotspot\share\prims\jni.cpp, line 539]
Event: 3.397 Thread 0x0000013e8466ccb0 Exception <a 'java/lang/ClassNotFoundException'{0x00000000a6597e58}: com/sun/javafx/scene/control/skin/resources/controls_en> (0x00000000a6597e58) 
thrown [s\open\src\hotspot\share\prims\jni.cpp, line 539]
Event: 3.397 Thread 0x0000013e8466ccb0 Exception <a 'java/lang/ClassNotFoundException'{0x00000000a6599638}: com/sun/javafx/scene/control/skin/resources/controls_en_US> (0x00000000a6599638) 
thrown [s\open\src\hotspot\share\prims\jni.cpp, line 539]
Event: 3.417 Thread 0x0000013e8466ccb0 Exception <a 'java/lang/NoSuchMethodError'{0x00000000a63047e0}: 'void java.lang.invoke.DirectMethodHandle$Holder.invokeSpecial(java.lang.Object, java.lang.Object, java.lang.Object, java.lang.Object, java.lang.Object, java.lang.Object)'> (0x00000000a63047e0) 
thrown [s\open\src\hotspot\share\interpreter\linkResolver.cpp, line 796]
Event: 3.507 Thread 0x0000013e8466ccb0 Implicit null exception at 0x0000013eb19860d8 to 0x0000013eb1986a80
Event: 3.776 Thread 0x0000013e8466ccb0 Implicit null exception at 0x0000013eb1969a55 to 0x0000013eb1969c98
Event: 32.188 Thread 0x0000013e8466ccb0 Exception <a 'java/lang/NoSuchMethodError'{0x00000000a3c7e9c8}: 'java.lang.Object java.lang.invoke.DirectMethodHandle$Holder.newInvokeSpecial(java.lang.Object, java.lang.Object, java.lang.Object, double, double, double, double, int, int, int, int, int, int, int, int, int)'> (0x00000000a3c7e9c8) 
thrown [s\open\src\hotspot\share\interpreter\linkResolver.cpp, line 796]
Event: 33.052 Thread 0x0000013e845d7150 Implicit null exception at 0x0000013eb1a94aba to 0x0000013eb1a94b4c

VM Operations (20 events):
Event: 3.494 Executing VM operation: G1CollectForAllocation (G1 Evacuation Pause)
Event: 3.499 Executing VM operation: G1CollectForAllocation (G1 Evacuation Pause) done
Event: 3.534 Executing VM operation: CollectForMetadataAllocation (Metadata GC Threshold)
Event: 3.537 Executing VM operation: CollectForMetadataAllocation (Metadata GC Threshold) done
Event: 3.542 Executing VM operation: G1PauseRemark
Event: 3.544 Executing VM operation: G1PauseRemark done
Event: 3.546 Executing VM operation: G1PauseCleanup
Event: 3.546 Executing VM operation: G1PauseCleanup done
Event: 3.547 Executing VM operation: HandshakeAllThreads (Deoptimize)
Event: 3.547 Executing VM operation: HandshakeAllThreads (Deoptimize) done
Event: 3.552 Executing VM operation: HandshakeAllThreads (Deoptimize)
Event: 3.553 Executing VM operation: HandshakeAllThreads (Deoptimize) done
Event: 3.731 Executing VM operation: HandshakeAllThreads (Deoptimize)
Event: 3.731 Executing VM operation: HandshakeAllThreads (Deoptimize) done
Event: 9.825 Executing VM operation: HandshakeAllThreads (Deoptimize)
Event: 9.825 Executing VM operation: HandshakeAllThreads (Deoptimize) done
Event: 33.038 Executing VM operation: G1CollectForAllocation (G1 Evacuation Pause)
Event: 33.043 Executing VM operation: G1CollectForAllocation (G1 Evacuation Pause) done
Event: 39.089 Executing VM operation: HandshakeAllThreads (Deoptimize)
Event: 39.089 Executing VM operation: HandshakeAllThreads (Deoptimize) done

Memory protections (0 events):
No events

Nmethod flushes (0 events):
No events

Events (20 events):
Event: 1.662 Thread 0x0000013e8466ccb0 Thread added: 0x0000013e84ae7310
Event: 2.309 Thread 0x0000013e84912ba0 Thread exited: 0x0000013e84912ba0
Event: 2.786 Thread 0x0000013ebdd83720 Thread added: 0x0000013e84cf9f20
Event: 3.054 Thread 0x0000013e84cf9f20 Thread exited: 0x0000013e84cf9f20
Event: 3.336 Thread 0x0000013e8466ccb0 Thread added: 0x0000013e84ae4bb0
Event: 3.371 Thread 0x0000013ebdd83720 Thread added: 0x0000013e84c14520
Event: 3.623 Thread 0x0000013e845d7150 Thread added: 0x0000013e84ae79a0
Event: 4.286 Thread 0x0000013e84c14520 Thread exited: 0x0000013e84c14520
Event: 4.773 Thread 0x0000013ebdd83720 Thread added: 0x0000013e84c14330
Event: 4.963 Thread 0x0000013e84c14330 Thread exited: 0x0000013e84c14330
Event: 5.865 Thread 0x0000013ebdd83720 Thread added: 0x0000013e8c44fda0
Event: 6.207 Thread 0x0000013e8c44fda0 Thread exited: 0x0000013e8c44fda0
Event: 14.509 Thread 0x0000013ebdd83720 Thread added: 0x0000013e843b1b10
Event: 14.896 Thread 0x0000013e843b1b10 Thread exited: 0x0000013e843b1b10
Event: 23.948 Thread 0x0000013ebdd7ec10 Thread added: 0x0000013e8c49fbf0
Event: 24.163 Thread 0x0000013e8c49fbf0 Thread exited: 0x0000013e8c49fbf0
Event: 29.880 Thread 0x0000013ebdd83720 Thread added: 0x0000013e8ce31fa0
Event: 30.562 Thread 0x0000013e8ce31fa0 Thread exited: 0x0000013e8ce31fa0
Event: 32.253 Thread 0x0000013ebdd83720 Thread added: 0x0000013e846c4620
Event: 32.996 Thread 0x0000013e846c4620 Thread exited: 0x0000013e846c4620


Dynamic libraries:
0x00007ff6cd420000 - 0x00007ff6cd42e000 	C:\Program Files\Java\jdk-23.0.1\bin\java.exe
0x00007ffe124b0000 - 0x00007ffe126a8000 	C:\WINDOWS\SYSTEM32\ntdll.dll
0x00007ffe11640000 - 0x00007ffe11702000 	C:\WINDOWS\System32\KERNEL32.DLL
0x00007ffe0fde0000 - 0x00007ffe100df000 	C:\WINDOWS\System32\KERNELBASE.dll
0x00007ffe102b0000 - 0x00007ffe103b0000 	C:\WINDOWS\System32\ucrtbase.dll
0x00007ffe00310000 - 0x00007ffe00327000 	C:\Program Files\Java\jdk-23.0.1\bin\jli.dll
0x00007ffdeeff0000 - 0x00007ffdef00b000 	C:\Program Files\Java\jdk-23.0.1\bin\VCRUNTIME140.dll
0x00007ffe10ea0000 - 0x00007ffe1103d000 	C:\WINDOWS\System32\USER32.dll
0x00007ffdfe630000 - 0x00007ffdfe8ca000 	C:\WINDOWS\WinSxS\amd64_microsoft.windows.common-controls_6595b64144ccf1df_6.0.19041.4355_none_60b8b9eb71f62e16\COMCTL32.dll
0x00007ffe0fb50000 - 0x00007ffe0fb72000 	C:\WINDOWS\System32\win32u.dll
0x00007ffe11b00000 - 0x00007ffe11b9e000 	C:\WINDOWS\System32\msvcrt.dll
0x00007ffe11050000 - 0x00007ffe1107b000 	C:\WINDOWS\System32\GDI32.dll
0x00007ffe103b0000 - 0x00007ffe104ca000 	C:\WINDOWS\System32\gdi32full.dll
0x00007ffe10210000 - 0x00007ffe102ad000 	C:\WINDOWS\System32\msvcp_win.dll
0x00007ffe12040000 - 0x00007ffe1206f000 	C:\WINDOWS\System32\IMM32.DLL
0x00007ffe0b010000 - 0x00007ffe0b01c000 	C:\Program Files\Java\jdk-23.0.1\bin\vcruntime140_1.dll
0x00007ffdef010000 - 0x00007ffdef09e000 	C:\Program Files\Java\jdk-23.0.1\bin\msvcp140.dll
0x00007ffda4190000 - 0x00007ffda4edf000 	C:\Program Files\Java\jdk-23.0.1\bin\server\jvm.dll
0x00007ffe11c30000 - 0x00007ffe11cdf000 	C:\WINDOWS\System32\ADVAPI32.dll
0x00007ffe12080000 - 0x00007ffe1211f000 	C:\WINDOWS\System32\sechost.dll
0x00007ffe104d0000 - 0x00007ffe105f3000 	C:\WINDOWS\System32\RPCRT4.dll
0x00007ffe100e0000 - 0x00007ffe10107000 	C:\WINDOWS\System32\bcrypt.dll
0x00007ffe122d0000 - 0x00007ffe1233b000 	C:\WINDOWS\System32\WS2_32.dll
0x00007ffe0f900000 - 0x00007ffe0f94b000 	C:\WINDOWS\SYSTEM32\POWRPROF.dll
0x00007ffe05670000 - 0x00007ffe05697000 	C:\WINDOWS\SYSTEM32\WINMM.dll
0x00007ffe06a80000 - 0x00007ffe06a8a000 	C:\WINDOWS\SYSTEM32\VERSION.dll
0x00007ffe0f8e0000 - 0x00007ffe0f8f2000 	C:\WINDOWS\SYSTEM32\UMPDC.dll
0x00007ffe0e370000 - 0x00007ffe0e382000 	C:\WINDOWS\SYSTEM32\kernel.appcore.dll
0x00007ffe00410000 - 0x00007ffe0041a000 	C:\Program Files\Java\jdk-23.0.1\bin\jimage.dll
0x00007ffe0d630000 - 0x00007ffe0d814000 	C:\WINDOWS\SYSTEM32\DBGHELP.DLL
0x00007ffe05450000 - 0x00007ffe05484000 	C:\WINDOWS\SYSTEM32\dbgcore.DLL
0x00007ffe0fd50000 - 0x00007ffe0fdd2000 	C:\WINDOWS\System32\bcryptPrimitives.dll
0x00007ffe00300000 - 0x00007ffe0030f000 	C:\Program Files\Java\jdk-23.0.1\bin\instrument.dll
0x00007ffdef0a0000 - 0x00007ffdef0be000 	C:\Program Files\Java\jdk-23.0.1\bin\java.dll
0x00007ffe121a0000 - 0x00007ffe122cb000 	C:\WINDOWS\System32\ole32.dll
0x00007ffe11ce0000 - 0x00007ffe12035000 	C:\WINDOWS\System32\combase.dll
0x00007ffe10730000 - 0x00007ffe10e9d000 	C:\WINDOWS\System32\SHELL32.dll
0x00007ffe0dbb0000 - 0x00007ffe0e354000 	C:\WINDOWS\SYSTEM32\windows.storage.dll
0x00007ffe0f510000 - 0x00007ffe0f53b000 	C:\WINDOWS\SYSTEM32\Wldp.dll
0x00007ffe10600000 - 0x00007ffe106cd000 	C:\WINDOWS\System32\OLEAUT32.dll
0x00007ffe11820000 - 0x00007ffe118cd000 	C:\WINDOWS\System32\SHCORE.dll
0x00007ffe117c0000 - 0x00007ffe11815000 	C:\WINDOWS\System32\shlwapi.dll
0x00007ffe0fa80000 - 0x00007ffe0faa5000 	C:\WINDOWS\SYSTEM32\profapi.dll
0x00007ffdeef10000 - 0x00007ffdeefe7000 	C:\Program Files\Java\jdk-23.0.1\bin\jsvml.dll
0x00007ffdf64d0000 - 0x00007ffdf64e0000 	C:\Program Files\Java\jdk-23.0.1\bin\net.dll
0x00007ffe0f210000 - 0x00007ffe0f27c000 	C:\WINDOWS\system32\mswsock.dll
0x00007ffdeeef0000 - 0x00007ffdeef06000 	C:\Program Files\Java\jdk-23.0.1\bin\nio.dll
0x00007ffdeeed0000 - 0x00007ffdeeee7000 	C:\Program Files\Java\jdk-23.0.1\bin\zip.dll
0x00007ffe0ed80000 - 0x00007ffe0edb3000 	C:\WINDOWS\SYSTEM32\ntmarta.dll
0x0000013ea1580000 - 0x0000013ea1583000 	C:\Users\jorge\.openjfx\cache\23.0.1+4\amd64\api-ms-win-core-console-l1-1-0.dll
0x0000013ea1590000 - 0x0000013ea1593000 	C:\Users\jorge\.openjfx\cache\23.0.1+4\amd64\api-ms-win-core-console-l1-2-0.dll
0x0000013ea15a0000 - 0x0000013ea15a3000 	C:\Users\jorge\.openjfx\cache\23.0.1+4\amd64\api-ms-win-core-datetime-l1-1-0.dll
0x0000013ea15b0000 - 0x0000013ea15b3000 	C:\Users\jorge\.openjfx\cache\23.0.1+4\amd64\api-ms-win-core-debug-l1-1-0.dll
0x0000013ea15c0000 - 0x0000013ea15c3000 	C:\Users\jorge\.openjfx\cache\23.0.1+4\amd64\api-ms-win-core-errorhandling-l1-1-0.dll
0x0000013ea15d0000 - 0x0000013ea15d4000 	C:\Users\jorge\.openjfx\cache\23.0.1+4\amd64\api-ms-win-core-file-l1-1-0.dll
0x0000013ea15e0000 - 0x0000013ea15e3000 	C:\Users\jorge\.openjfx\cache\23.0.1+4\amd64\api-ms-win-core-file-l1-2-0.dll
0x0000013ea15f0000 - 0x0000013ea15f3000 	C:\Users\jorge\.openjfx\cache\23.0.1+4\amd64\api-ms-win-core-file-l2-1-0.dll
0x0000013ea1600000 - 0x0000013ea1603000 	C:\Users\jorge\.openjfx\cache\23.0.1+4\amd64\api-ms-win-core-handle-l1-1-0.dll
0x0000013ebddd0000 - 0x0000013ebddd3000 	C:\Users\jorge\.openjfx\cache\23.0.1+4\amd64\api-ms-win-core-heap-l1-1-0.dll
0x0000013ebdde0000 - 0x0000013ebdde3000 	C:\Users\jorge\.openjfx\cache\23.0.1+4\amd64\api-ms-win-core-interlocked-l1-1-0.dll
0x0000013ebddf0000 - 0x0000013ebddf3000 	C:\Users\jorge\.openjfx\cache\23.0.1+4\amd64\api-ms-win-core-libraryloader-l1-1-0.dll
0x0000013ebde00000 - 0x0000013ebde03000 	C:\Users\jorge\.openjfx\cache\23.0.1+4\amd64\api-ms-win-core-localization-l1-2-0.dll
0x0000013ebde10000 - 0x0000013ebde13000 	C:\Users\jorge\.openjfx\cache\23.0.1+4\amd64\api-ms-win-core-memory-l1-1-0.dll
0x0000013ebde20000 - 0x0000013ebde23000 	C:\Users\jorge\.openjfx\cache\23.0.1+4\amd64\api-ms-win-core-namedpipe-l1-1-0.dll
0x0000013ebde30000 - 0x0000013ebde33000 	C:\Users\jorge\.openjfx\cache\23.0.1+4\amd64\api-ms-win-core-processenvironment-l1-1-0.dll
0x0000013ebde40000 - 0x0000013ebde43000 	C:\Users\jorge\.openjfx\cache\23.0.1+4\amd64\api-ms-win-core-processthreads-l1-1-0.dll
0x0000013ebde50000 - 0x0000013ebde53000 	C:\Users\jorge\.openjfx\cache\23.0.1+4\amd64\api-ms-win-core-processthreads-l1-1-1.dll
0x0000013ebde60000 - 0x0000013ebde63000 	C:\Users\jorge\.openjfx\cache\23.0.1+4\amd64\api-ms-win-core-profile-l1-1-0.dll
0x0000013ebde70000 - 0x0000013ebde73000 	C:\Users\jorge\.openjfx\cache\23.0.1+4\amd64\api-ms-win-core-rtlsupport-l1-1-0.dll
0x0000013ebde80000 - 0x0000013ebde83000 	C:\Users\jorge\.openjfx\cache\23.0.1+4\amd64\api-ms-win-core-string-l1-1-0.dll
0x0000013ebde90000 - 0x0000013ebde93000 	C:\Users\jorge\.openjfx\cache\23.0.1+4\amd64\api-ms-win-core-synch-l1-1-0.dll
0x0000013ebdea0000 - 0x0000013ebdea3000 	C:\Users\jorge\.openjfx\cache\23.0.1+4\amd64\api-ms-win-core-synch-l1-2-0.dll
0x0000013ebdeb0000 - 0x0000013ebdeb3000 	C:\Users\jorge\.openjfx\cache\23.0.1+4\amd64\api-ms-win-core-sysinfo-l1-1-0.dll
0x0000013ebdec0000 - 0x0000013ebdec3000 	C:\Users\jorge\.openjfx\cache\23.0.1+4\amd64\api-ms-win-core-timezone-l1-1-0.dll
0x0000013ebded0000 - 0x0000013ebded3000 	C:\Users\jorge\.openjfx\cache\23.0.1+4\amd64\api-ms-win-core-util-l1-1-0.dll
0x0000013ebdee0000 - 0x0000013ebdee3000 	C:\Users\jorge\.openjfx\cache\23.0.1+4\amd64\api-ms-win-crt-conio-l1-1-0.dll
0x0000013ebdef0000 - 0x0000013ebdef4000 	C:\Users\jorge\.openjfx\cache\23.0.1+4\amd64\api-ms-win-crt-convert-l1-1-0.dll
0x0000013ebdf00000 - 0x0000013ebdf03000 	C:\Users\jorge\.openjfx\cache\23.0.1+4\amd64\api-ms-win-crt-environment-l1-1-0.dll
0x0000013ebdf10000 - 0x0000013ebdf13000 	C:\Users\jorge\.openjfx\cache\23.0.1+4\amd64\api-ms-win-crt-filesystem-l1-1-0.dll
0x0000013ebdf20000 - 0x0000013ebdf23000 	C:\Users\jorge\.openjfx\cache\23.0.1+4\amd64\api-ms-win-crt-heap-l1-1-0.dll
0x0000013ebdf30000 - 0x0000013ebdf33000 	C:\Users\jorge\.openjfx\cache\23.0.1+4\amd64\api-ms-win-crt-locale-l1-1-0.dll
0x0000013ebdf40000 - 0x0000013ebdf45000 	C:\Users\jorge\.openjfx\cache\23.0.1+4\amd64\api-ms-win-crt-math-l1-1-0.dll
0x0000013ebdf50000 - 0x0000013ebdf55000 	C:\Users\jorge\.openjfx\cache\23.0.1+4\amd64\api-ms-win-crt-multibyte-l1-1-0.dll
0x0000013ebdf60000 - 0x0000013ebdf70000 	C:\Users\jorge\.openjfx\cache\23.0.1+4\amd64\api-ms-win-crt-private-l1-1-0.dll
0x0000013ebdf70000 - 0x0000013ebdf73000 	C:\Users\jorge\.openjfx\cache\23.0.1+4\amd64\api-ms-win-crt-process-l1-1-0.dll
0x0000013ebdf80000 - 0x0000013ebdf84000 	C:\Users\jorge\.openjfx\cache\23.0.1+4\amd64\api-ms-win-crt-runtime-l1-1-0.dll
0x0000013ebdf90000 - 0x0000013ebdf94000 	C:\Users\jorge\.openjfx\cache\23.0.1+4\amd64\api-ms-win-crt-stdio-l1-1-0.dll
0x0000013ebdfa0000 - 0x0000013ebdfa4000 	C:\Users\jorge\.openjfx\cache\23.0.1+4\amd64\api-ms-win-crt-string-l1-1-0.dll
0x0000013ebdfb0000 - 0x0000013ebdfb3000 	C:\Users\jorge\.openjfx\cache\23.0.1+4\amd64\api-ms-win-crt-time-l1-1-0.dll
0x0000013ebdfc0000 - 0x0000013ebdfc3000 	C:\Users\jorge\.openjfx\cache\23.0.1+4\amd64\api-ms-win-crt-utility-l1-1-0.dll
0x00007ffdeeda0000 - 0x00007ffdeee9c000 	C:\Users\jorge\.openjfx\cache\23.0.1+4\amd64\ucrtbase.dll
0x00007ffdeed80000 - 0x00007ffdeed9b000 	C:\Users\jorge\.openjfx\cache\23.0.1+4\amd64\vcruntime140.dll
0x00007ffdeed70000 - 0x00007ffdeed7c000 	C:\Users\jorge\.openjfx\cache\23.0.1+4\amd64\vcruntime140_1.dll
0x00007ffdeece0000 - 0x00007ffdeed6e000 	C:\Users\jorge\.openjfx\cache\23.0.1+4\amd64\msvcp140.dll
0x00007ffdeecd0000 - 0x00007ffdeecd9000 	C:\Users\jorge\.openjfx\cache\23.0.1+4\amd64\msvcp140_1.dll
0x00007ffdeec80000 - 0x00007ffdeecc1000 	C:\Users\jorge\.openjfx\cache\23.0.1+4\amd64\msvcp140_2.dll
0x00007ffdeec50000 - 0x00007ffdeec80000 	C:\Users\jorge\.openjfx\cache\23.0.1+4\amd64\prism_d3d.dll
0x00007ffdbcb60000 - 0x00007ffdbcd31000 	C:\WINDOWS\system32\d3d9.dll
0x00007ffe0d1e0000 - 0x00007ffe0d20f000 	C:\WINDOWS\SYSTEM32\dwmapi.dll
0x00007ffe0cfb0000 - 0x00007ffe0d04e000 	C:\WINDOWS\system32\uxtheme.dll
0x00007ffe056a0000 - 0x00007ffe0587b000 	C:\WINDOWS\System32\DriverStore\FileRepository\u0369826.inf_amd64_d91a656b5b5a706f\B369681\aticfx64.dll
0x00007ffdbe760000 - 0x00007ffdbe793000 	C:\WINDOWS\System32\DriverStore\FileRepository\u0369826.inf_amd64_d91a656b5b5a706f\B369681\atiu9p64.dll
0x00007ffdbbe30000 - 0x00007ffdbcb51000 	C:\WINDOWS\System32\DriverStore\FileRepository\u0369826.inf_amd64_d91a656b5b5a706f\B369681\atiumd64.dll
0x000000005c3f0000 - 0x000000005d2b3000 	C:\WINDOWS\System32\DriverStore\FileRepository\u0369826.inf_amd64_d91a656b5b5a706f\B369681\atiumd6a.dll
0x00007ffe02780000 - 0x00007ffe027b0000 	C:\WINDOWS\SYSTEM32\amdihk64.dll
0x00007ffdeec00000 - 0x00007ffdeec45000 	C:\Users\jorge\.openjfx\cache\23.0.1+4\amd64\glass.dll
0x00007ffe11500000 - 0x00007ffe115da000 	C:\WINDOWS\System32\COMDLG32.dll
0x00007ffe12340000 - 0x00007ffe12455000 	C:\WINDOWS\System32\MSCTF.dll
0x00007ffe060c0000 - 0x00007ffe060fb000 	C:\WINDOWS\SYSTEM32\dxcore.dll
0x00007ffe101c0000 - 0x00007ffe1020e000 	C:\WINDOWS\System32\cfgmgr32.dll
0x00007ffe11710000 - 0x00007ffe117b9000 	C:\WINDOWS\System32\clbcatq.dll
0x00007ffdf3790000 - 0x00007ffdf38cf000 	C:\Windows\System32\Windows.UI.dll
0x00007ffe06e00000 - 0x00007ffe06ea1000 	C:\Windows\System32\WindowManagementAPI.dll
0x00007ffdf3a40000 - 0x00007ffdf3b92000 	C:\Windows\System32\InputHost.dll
0x00007ffdf96a0000 - 0x00007ffdf9799000 	C:\Windows\System32\TextInputFramework.dll
0x00007ffe0c150000 - 0x00007ffe0c2a7000 	C:\WINDOWS\SYSTEM32\wintypes.dll
0x00007ffe0b130000 - 0x00007ffe0b333000 	C:\WINDOWS\SYSTEM32\twinapi.appcore.dll
0x00007ffe0a7c0000 - 0x00007ffe0a8b2000 	C:\Windows\System32\CoreMessaging.dll
0x00007ffe0c9c0000 - 0x00007ffe0cab6000 	C:\Windows\System32\PROPSYS.dll
0x00007ffe0a460000 - 0x00007ffe0a7bb000 	C:\Windows\System32\CoreUIComponents.dll
0x00007ffdf4b20000 - 0x00007ffdf4c58000 	C:\Windows\System32\Windows.UI.Immersive.dll
0x00007ffdeebe0000 - 0x00007ffdeebf5000 	C:\Users\jorge\.openjfx\cache\23.0.1+4\amd64\javafx_font.dll
0x00007ffdf48a0000 - 0x00007ffdf4b1f000 	C:\WINDOWS\SYSTEM32\dwrite.dll
0x00007ffe0cd20000 - 0x00007ffe0ced4000 	C:\WINDOWS\SYSTEM32\WindowsCodecs.dll
0x00007ffde0260000 - 0x00007ffde029e000 	C:\WINDOWS\system32\dataexchange.dll
0x00007ffe09150000 - 0x00007ffe093b3000 	C:\WINDOWS\system32\d3d11.dll
0x00007ffe09cb0000 - 0x00007ffe09e94000 	C:\WINDOWS\system32\dcomp.dll
0x00007ffe0e3e0000 - 0x00007ffe0e4d6000 	C:\WINDOWS\system32\dxgi.dll

dbghelp: loaded successfully - version: 4.0.5 - missing functions: none
symbol engine: initialized successfully - sym options: 0x614 - pdb path: .;C:\Program Files\Java\jdk-23.0.1\bin;C:\WINDOWS\SYSTEM32;C:\WINDOWS\WinSxS\amd64_microsoft.windows.common-controls_6595b64144ccf1df_6.0.19041.4355_none_60b8b9eb71f62e16;C:\Program Files\Java\jdk-23.0.1\bin\server;C:\Users\jorge\.openjfx\cache\23.0.1+4\amd64;C:\WINDOWS\System32\DriverStore\FileRepository\u0369826.inf_amd64_d91a656b5b5a706f\B369681;C:\Program Files\Common Files\Microsoft Shared\Ink

VM Arguments:
jvm_args: -javaagent:C:\Program Files\JetBrains\IntelliJ IDEA Community Edition 2024.3.5\lib\idea_rt.jar=49893 -Dfile.encoding=UTF-8 -Dsun.stdout.encoding=UTF-8 -Dsun.stderr.encoding=UTF-8 --module-path=C:\Users\jorge\.m2\repository\org\openjfx\javafx-media\17.0.2\javafx-media-17.0.2-win.jar;C:\Users\jorge\.m2\repository\io\opentelemetry\opentelemetry-sdk\1.48.0\opentelemetry-sdk-1.48.0.jar;C:\Users\jorge\.m2\repository\org\seleniumhq\selenium\selenium-devtools-v134\4.31.0\selenium-devtools-v134-4.31.0.jar;C:\Users\jorge\.m2\repository\org\openjfx\javafx-fxml\23.0.1\javafx-fxml-23.0.1-win.jar;C:\Users\jorge\.m2\repository\org\seleniumhq\selenium\selenium-chromium-driver\4.31.0\selenium-chromium-driver-4.31.0.jar;C:\Users\jorge\.m2\repository\org\seleniumhq\selenium\selenium-devtools-v133\4.31.0\selenium-devtools-v133-4.31.0.jar;C:\Users\jorge\.m2\repository\io\opentelemetry\opentelemetry-sdk-extension-autoconfigure-spi\1.48.0\opentelemetry-sdk-extension-autoconfigure-spi-1.48.0.jar;C:\Users\jorge\.m2\repository\org\apache\pdfbox\pdfbox-io\3.0.4\pdfbox-io-3.0.4.jar;C:\Users\jorge\.m2\repository\org\seleniumhq\selenium\selenium-ie-driver\4.31.0\selenium-ie-driver-4.31.0.jar;C:\Users\jorge\.m2\repository\org\seleniumhq\selenium\selenium-safari-driver\4.31.0\selenium-safari-driver-4.31.0.jar;C:\Users\jorge\.m2\repository\org\apache\pdfbox\pdfbox\3.0.4\pdfbox-3.0.4.jar;C:\Users\jorge\.m2\repository\io\opentelemetry\opentelemetry-sdk-common\1.48.0\opentelemetry-sdk-common-1.48.0.jar;C:\Users\jorge\.m2\repository\com\google\guava\failureaccess\1.0.3\failureaccess-1.0.3.jar;C:\Users\jorge\.m2\repository\com\itextpdf\itextpdf\5.5.13.2\itextpdf-5.5.13.2.jar;C:\Users\jorge\.m2\repository\net\java\dev\jna\jna\5.13.0\jna-5.13.0.jar;C:\Users\jorge\.m2\repository\org\openjfx\javafx-controls\23.0.1\javafx-controls-23.0.1-win.jar;C:\Users\jorge\.m2\repository\org\seleniumhq\selenium\selenium-firefox-driver\4.31.0\selenium-firefox-driver-4.31.0.jar;C:\Users\jorge\.m2\repository\org\seleniumhq\selenium\selenium-remote-driver\4.31.0\selenium-remote-driver-4.31.0.jar;C:\Users\jorge\.m2\repository\org\seleniumhq\selenium\selenium-support\4.31.0\selenium-support-4.31.0.jar-Djdk.module.main=com.jorgerosas.recetas 
java_command: com.jorgerosas.recetas/com.jorgerosas.recetas.EntryPoint
java_class_path (initial): C:\Users\jorge\.m2\repository\org\openjfx\javafx-controls\23.0.1\javafx-controls-23.0.1.jar;C:\Users\jorge\.m2\repository\org\openjfx\javafx-graphics\23.0.1\javafx-graphics-23.0.1.jar;C:\Users\jorge\.m2\repository\org\openjfx\javafx-base\23.0.1\javafx-base-23.0.1.jar;C:\Users\jorge\.m2\repository\org\openjfx\javafx-fxml\23.0.1\javafx-fxml-23.0.1.jar;C:\Users\jorge\.m2\repository\org\openjfx\javafx-web\17.0.2\javafx-web-17.0.2.jar;C:\Users\jorge\.m2\repository\org\openjfx\javafx-media\17.0.2\javafx-media-17.0.2.jar;C:\Users\jorge\.m2\repository\org\seleniumhq\selenium\selenium-java\4.31.0\selenium-java-4.31.0.jar;C:\Users\jorge\.m2\repository\com\google\guava\listenablefuture\9999.0-empty-to-avoid-conflict-with-guava\listenablefuture-9999.0-empty-to-avoid-conflict-with-guava.jar;C:\Users\jorge\.m2\repository\io\opentelemetry\opentelemetry-exporter-logging\1.48.0\opentelemetry-exporter-logging-1.48.0.jar;C:\Users\jorge\.m2\repository\io\opentelemetry\opentelemetry-sdk-metrics\1.48.0\opentelemetry-sdk-metrics-1.48.0.jar;C:\Users\jorge\.m2\repository\io\opentelemetry\opentelemetry-sdk-logs\1.48.0\opentelemetry-sdk-logs-1.48.0.jar;C:\Users\jorge\.m2\repository\com\google\auto\service\auto-service-annotations\1.1.1\auto-service-annotations-1.1.1.jar;C:\Users\jorge\.m2\repository\org\slf4j\slf4j-api\2.0.10\slf4j-api-2.0.10.jar;C:\Users\jorge\.m2\repository\com\google\code\gson\gson\2.10.1\gson-2.10.1.jar;C:\Users\jorge\.m2\repository\com\github\docker-java\docker-java\3.3.4\docker-java-3.3.4.jar;C:\Users\jorge\.m2\repository\com\github\docker-java\docker-java-core\3.3.4\docker-java-core-3.3.4.jar;C:\Users\jorge\.m2\repository\com\github\docker-java\docker-java-api\3.3.4\docker-java-api-3.3.4.jar;C:\Users\jorge\.m2\repository\com\fasterxml\jackson\core\jackson-annotations\2.10.3\jackson-annotations-2.10.3.jar;C:\Users\jorge\.m2\repository\commons-io\commons-io\2.13.0\commons-io-2.13.0.jar;C:\Users\jorge\.m2\repository\com\fasterxml\jackson\core\jackson-databind\2.10.3\jackson-databind-2.10.3.jar;C:\Users\jorge\.m2\repository\com\fasterxml\jackson\core\jackson-core\2.10.3\jackson-core-2.10.3.jar;C:\Users\jorge\.m2\repository\org\bouncycastle\bcpkix-jdk18on\1.76\bcpkix-jdk18on-1.76.jar;C:\Users\jorge\.m2\repository\org\bouncycastle\bcutil-jdk18on\1.76\bcutil-jdk18on-1.76.jar;C:\Users\jorge\.m2\repository\org\slf4j\jcl-over-slf4j\1.7.30\jcl-over-slf4j-1.7.30.jar;C:\Users\jorge\.m2\repository\com\github\docker-java\docker-java-transport-httpclient5\3.3.4\docker-java-transport-httpclient5-3.3.4.jar;C:\Users\jorge\.m2\repository\com\github\docker-java\docker-java-transport\3.3.4\docker-java-transport-3.3.4.jar;C:\Users\jorge\.m2\repository\org\brotli\dec\0.1.2\dec-0.1.2.jar;C:\Users\jorge\.m2\repository\org\apache\commons\commons-compress\1.25.0\commons-compress-1.25.0.jar;C:\Users\jorge\.m2\repository\org\apache\httpcomponents\client5\httpclient5\5.2.1\httpclient5-5.2.1.jar;C:\Users\jorge\.m2\repository\org\apache\httpcomponents\core5\httpcore5\5.2\httpcore5-5.2.jar;C:\Users\jorge\.m2\repository\org\apache\httpcomponents\core5\httpcore5-h2\5.2\httpcore5-h2-5.2.jar;C:\Users\jorge\.m2\repository\junit\junit\4.10\junit-4.10.jar;C:\Users\jorge\.m2\repository\org\hamcrest\hamcrest-core\1.1\hamcrest-core-1.1.jar;C:\Users\jorge\.m2\repository\org\apache\commons\commons-lang3\3.13.0\commons-lang3-3.13.0.jar;C:\Users\jorge\.m2\repository\org\apache\pdfbox\fontbox\3.0.4\fontbox-3.0.4.jar;C:\Users\jorge\.m2\repository\commons-logging\commons-logging\1.3.4\commons-logging-1.3.4.jar
Launcher Type: SUN_STANDARD

[Global flags]
     intx CICompilerCount                          = 4                                         {product} {ergonomic}
     uint ConcGCThreads                            = 3                                         {product} {ergonomic}
     uint G1ConcRefinementThreads                  = 10                                        {product} {ergonomic}
   size_t G1HeapRegionSize                         = 1048576                                   {product} {ergonomic}
   size_t InitialHeapSize                          = 98566144                                  {product} {ergonomic}
   size_t MarkStackSize                            = 4194304                                   {product} {ergonomic}
   size_t MarkStackSizeMax                         = 536870912                                 {product} {ergonomic}
   size_t MaxHeapSize                              = 1570766848                                {product} {ergonomic}
   size_t MaxNewSize                               = 941621248                                 {product} {ergonomic}
   size_t MinHeapDeltaBytes                        = 1048576                                   {product} {ergonomic}
   size_t MinHeapSize                              = 8388608                                   {product} {ergonomic}
    uintx NonNMethodCodeHeapSize                   = 5832704                                {pd product} {ergonomic}
    uintx NonProfiledCodeHeapSize                  = 122945536                              {pd product} {ergonomic}
    uintx ProfiledCodeHeapSize                     = 122880000                              {pd product} {ergonomic}
    uintx ReservedCodeCacheSize                    = 251658240                              {pd product} {ergonomic}
     bool SegmentedCodeCache                       = true                                      {product} {ergonomic}
   size_t SoftMaxHeapSize                          = 1570766848                             {manageable} {ergonomic}
     bool UseCompressedOops                        = true                           {product lp64_product} {ergonomic}
     bool UseG1GC                                  = true                                      {product} {ergonomic}
     bool UseLargePagesIndividualAllocation        = false                                  {pd product} {ergonomic}

Logging:
Log output configuration:
 #0: stdout all=warning uptime,level,tags foldmultilines=false
 #1: stderr all=off uptime,level,tags foldmultilines=false

Environment Variables:
JAVA_HOME=C:\Program Files\BellSoft\LibericaJDK-24\
PATH=C:\Program Files\BellSoft\LibericaJDK-24\bin\;C:\WINDOWS\system32;C:\WINDOWS;C:\WINDOWS\System32\Wbem;C:\WINDOWS\System32\WindowsPowerShell\v1.0\;C:\WINDOWS\System32\OpenSSH\;C:\Program Files\Java\jdk-23\bin;C:\Program Files\Git\cmd;C:\Program Files\Git LFS;C:\Users\jorge\AppData\Local\Microsoft\WindowsApps;C:\Users\jorge\AppData\Local\Programs\Microsoft VS Code\bin;C:\Program Files\JetBrains\IntelliJ IDEA 2024.3\bin;;C:\Program Files\JetBrains\IntelliJ IDEA Community Edition 2024.3.5\bin;;C:\Program Files\Apache\Maven\apache-maven-3.9.9\bin;C:\Users\jorge\AppData\Local\GitHubDesktop\bin
USERNAME=jorge
OS=Windows_NT
PROCESSOR_IDENTIFIER=AMD64 Family 23 Model 104 Stepping 1, AuthenticAMD
TMP=C:\Users\jorge\AppData\Local\Temp
TEMP=C:\Users\jorge\AppData\Local\Temp




Periodic native trim disabled

---------------  S Y S T E M  ---------------

OS:
 Windows 10 , 64 bit Build 19041 (10.0.19041.5438)
OS uptime: 0 days 0:27 hours

CPU: total 12 (initial active 12) (12 cores per cpu, 2 threads per core) family 23 model 104 stepping 1 microcode 0x0, cx8, cmov, fxsr, ht, mmx, 3dnowpref, sse, sse2, sse3, ssse3, sse4a, sse4.1, sse4.2, popcnt, lzcnt, tsc, tscinvbit, avx, avx2, aes, clmul, bmi1, bmi2, adx, sha, fma, vzeroupper, clflush, clflushopt, rdtscp, rdpid, f16c
Processor Information for the first 12 processors :
  Max Mhz: 2100, Current Mhz: 2100, Mhz Limit: 2100

Memory: 4k page, system-wide physical 5989M (464M free)
TotalPageFile size 24421M (AvailPageFile size 14619M)
current process WorkingSet (physical memory assigned to process): 231M, peak: 241M
current process commit charge ("private bytes"): 294M, peak: 304M

vm_info: OpenJDK 64-Bit Server VM (23.0.1+11-39) for windows-amd64 JRE (23.0.1+11-39), built on 2024-09-30T07:20:43Z with MS VC++ 17.6 (VS2022)

END.
